INFO:root:Loading data...
INFO:root:Preparing data...
INFO:root:Building hierarchical model...
INFO:pymc.sampling.mcmc:Auto-assigning NUTS sampler...
INFO:pymc.sampling.mcmc:Initializing NUTS using adapt_diag...
INFO:pymc.sampling.mcmc:Multiprocess sampling (4 chains in 4 jobs)
INFO:pymc.sampling.mcmc:NUTS: [mu_alpha, sigma_alpha, mu_beta, sigma_beta, alpha, beta, sigma]
INFO:pymc.sampling.mcmc:Sampling 4 chains for 200 tune and 500 draw iterations (800 + 2_000 draws total) took 1245 seconds.
INFO:pymc.stats.convergence:The rhat statistic is larger than 1.01 for some parameters. This indicates problems during sampling. See https://arxiv.org/abs/1903.08008 for details
ERROR:pymc.stats.convergence:The effective sample size per chain is smaller than 100 for some parameters.  A higher number is needed for reliable rhat and ess computation. See https://arxiv.org/abs/1903.08008 for details
WARNING:pymc.stats.convergence:Chain 0 reached the maximum tree depth. Increase `max_treedepth`, increase `target_accept` or reparameterize.
WARNING:pymc.stats.convergence:Chain 1 reached the maximum tree depth. Increase `max_treedepth`, increase `target_accept` or reparameterize.
WARNING:pymc.stats.convergence:Chain 2 reached the maximum tree depth. Increase `max_treedepth`, increase `target_accept` or reparameterize.
WARNING:pymc.stats.convergence:Chain 3 reached the maximum tree depth. Increase `max_treedepth`, increase `target_accept` or reparameterize.
INFO:root:Plotting trace plots...
ERROR:root:An error occurred: log likelihood not found in inference data object
INFO:root:Loading data...
INFO:root:Preparing data...
INFO:root:Building hierarchical model...
ERROR:root:An error occurred: Invalid key found in step_kwargs: {'max_treedepth'}. Keys must be step names and values valid kwargs for that stepper. Did you mean {"nuts": {"max_treedepth": ...}}?
INFO:root:Loading data...
INFO:root:Preparing data...
INFO:root:Building hierarchical model...
ERROR:root:An error occurred: Invalid key found in step_kwargs: {'step_kwargs'}. Keys must be step names and values valid kwargs for that stepper. Did you mean {"nuts": {"step_kwargs": ...}}?
INFO:root:Loading data...
INFO:root:Preparing data...
INFO:root:Building hierarchical model...
ERROR:root:An error occurred: Invalid key found in step_kwargs: {'nuts'}. Keys must be step names and values valid kwargs for that stepper. Did you mean {"nuts": {"nuts": ...}}?
INFO:root:Loading data...
INFO:root:Preparing data...
INFO:root:Building hierarchical model...
INFO:pymc.sampling.mcmc:Multiprocess sampling (4 chains in 4 jobs)
INFO:pymc.sampling.mcmc:NUTS: [mu_alpha, sigma_alpha, mu_beta, sigma_beta, alpha, beta, sigma]
INFO:pymc.sampling.mcmc:Sampling 4 chains for 200 tune and 1_000 draw iterations (800 + 4_000 draws total) took 2439 seconds.
INFO:pymc.stats.convergence:The rhat statistic is larger than 1.01 for some parameters. This indicates problems during sampling. See https://arxiv.org/abs/1903.08008 for details
ERROR:pymc.stats.convergence:The effective sample size per chain is smaller than 100 for some parameters.  A higher number is needed for reliable rhat and ess computation. See https://arxiv.org/abs/1903.08008 for details
WARNING:pymc.stats.convergence:Chain 0 reached the maximum tree depth. Increase `max_treedepth`, increase `target_accept` or reparameterize.
WARNING:pymc.stats.convergence:Chain 1 reached the maximum tree depth. Increase `max_treedepth`, increase `target_accept` or reparameterize.
WARNING:pymc.stats.convergence:Chain 2 reached the maximum tree depth. Increase `max_treedepth`, increase `target_accept` or reparameterize.
WARNING:pymc.stats.convergence:Chain 3 reached the maximum tree depth. Increase `max_treedepth`, increase `target_accept` or reparameterize.
INFO:root:Plotting trace plots...
ERROR:root:An error occurred: log likelihood not found in inference data object
INFO:root:Loading data...
INFO:root:Preparing data...
INFO:root:Building hierarchical model...
INFO:pymc.sampling.mcmc:Multiprocess sampling (4 chains in 4 jobs)
INFO:pymc.sampling.mcmc:NUTS: [mu_alpha, sigma_alpha, mu_beta, sigma_beta, alpha, beta, sigma]
INFO:pymc.sampling.mcmc:Sampling 4 chains for 200 tune and 1_000 draw iterations (800 + 4_000 draws total) took 6319 seconds.
INFO:pymc.stats.convergence:The rhat statistic is larger than 1.01 for some parameters. This indicates problems during sampling. See https://arxiv.org/abs/1903.08008 for details
ERROR:pymc.stats.convergence:The effective sample size per chain is smaller than 100 for some parameters.  A higher number is needed for reliable rhat and ess computation. See https://arxiv.org/abs/1903.08008 for details
WARNING:pymc.stats.convergence:Chain 0 reached the maximum tree depth. Increase `max_treedepth`, increase `target_accept` or reparameterize.
WARNING:pymc.stats.convergence:Chain 1 reached the maximum tree depth. Increase `max_treedepth`, increase `target_accept` or reparameterize.
WARNING:pymc.stats.convergence:Chain 2 reached the maximum tree depth. Increase `max_treedepth`, increase `target_accept` or reparameterize.
WARNING:pymc.stats.convergence:Chain 3 reached the maximum tree depth. Increase `max_treedepth`, increase `target_accept` or reparameterize.
INFO:root:Plotting trace plots...
ERROR:root:An error occurred: log likelihood not found in inference data object
